<?xml version="1.0" encoding="UTF-8"?>
<!-- Generated by org.testng.reporters.JUnitXMLReporter -->
<testsuite ignored="2" hostname="SunilDB" failures="1" tests="3" name="Test" time="55.15" errors="0" timestamp="2024-01-09T13:56:40 IST">
  <testcase classname="contactsTest.CreateContactWithMandotaryFields" name="createContactWithMandotaryFields" time="11.072"/>
  <testcase classname="contactsTest.CreateContactWithLeadsource" name="createContactWithLeadsource" time="13.553"/>
  <testcase classname="contactsTest.CreateContactWithLeadsource" name="createContactWithMandotaryFields" time="0.0">
    <failure type="java.lang.AssertionError" message="null">
      <![CDATA[java.lang.AssertionError: null
at contactsTest.CreateContactWithLeadsource.createContactWithMandotaryFields(CreateContactWithLeadsource.java:54)
at java.base/java.util.ArrayList.forEach(ArrayList.java:1511)
... Removed 27 stack frames]]>
    </failure>
  </testcase> <!-- createContactWithMandotaryFields -->
  <testcase classname="genericUtilities.BaseClass" name="@AfterSuite asConfig" time="0.0">
    <ignored/>
  </testcase> <!-- @AfterSuite asConfig -->
  <testcase classname="genericUtilities.BaseClass" name="@BeforeSuite bsConfig" time="0.0">
    <ignored/>
  </testcase> <!-- @BeforeSuite bsConfig -->
</testsuite> <!-- Test -->
