<?xml version="1.0" encoding="UTF-8"?>
<testng-results ignored="0" total="1" passed="1" failed="0" skipped="0">
  <reporter-output>
  </reporter-output>
  <suite started-at="2024-01-16T07:34:34 IST" name="Default suite" finished-at="2024-01-16T07:34:34 IST" duration-ms="80">
    <groups>
    </groups>
    <test started-at="2024-01-16T07:34:34 IST" name="Default test" finished-at="2024-01-16T07:34:34 IST" duration-ms="80">
      <class name="practice.ReadDataFromcmdLine">
        <test-method signature="sample()[pri:0, instance:practice.ReadDataFromcmdLine@34a3d150]" started-at="2024-01-16T07:34:34 IST" name="sample" finished-at="2024-01-16T07:34:34 IST" duration-ms="10" status="PASS">
          <reporter-output>
          </reporter-output>
        </test-method> <!-- sample -->
      </class> <!-- practice.ReadDataFromcmdLine -->
    </test> <!-- Default test -->
  </suite> <!-- Default suite -->
</testng-results>
