<?xml version="1.0" encoding="UTF-8"?>
<testng-results ignored="0" total="1" passed="1" failed="0" skipped="0">
  <reporter-output>
  </reporter-output>
  <suite started-at="2024-02-21T14:35:56 IST" name="Default suite" finished-at="2024-02-21T14:36:07 IST" duration-ms="11019">
    <groups>
    </groups>
    <test started-at="2024-02-21T14:35:56 IST" name="Default test" finished-at="2024-02-21T14:36:07 IST" duration-ms="11019">
      <class name="productsTest.CreateProductwithMandotaryFields">
        <test-method is-config="true" signature="bsConfig()[pri:0, instance:productsTest.CreateProductwithMandotaryFields@1165b38]" started-at="2024-02-21T14:35:56 IST" name="bsConfig" finished-at="2024-02-21T14:35:56 IST" duration-ms="7" status="PASS">
          <reporter-output>
          </reporter-output>
        </test-method> <!-- bsConfig -->
        <test-method is-config="true" signature="bcConfig()[pri:0, instance:productsTest.CreateProductwithMandotaryFields@1165b38]" started-at="2024-02-21T14:35:56 IST" name="bcConfig" finished-at="2024-02-21T14:36:00 IST" duration-ms="3166" status="PASS">
          <reporter-output>
          </reporter-output>
        </test-method> <!-- bcConfig -->
        <test-method is-config="true" signature="bmConfig()[pri:0, instance:productsTest.CreateProductwithMandotaryFields@1165b38]" started-at="2024-02-21T14:36:00 IST" name="bmConfig" finished-at="2024-02-21T14:36:01 IST" duration-ms="1416" status="PASS">
          <reporter-output>
          </reporter-output>
        </test-method> <!-- bmConfig -->
        <test-method signature="createProcuctwithMandotaryFields()[pri:0, instance:productsTest.CreateProductwithMandotaryFields@1165b38]" started-at="2024-02-21T14:36:01 IST" name="createProcuctwithMandotaryFields" finished-at="2024-02-21T14:36:04 IST" duration-ms="3267" status="PASS">
          <reporter-output>
          </reporter-output>
        </test-method> <!-- createProcuctwithMandotaryFields -->
        <test-method is-config="true" signature="amConfig()[pri:0, instance:productsTest.CreateProductwithMandotaryFields@1165b38]" started-at="2024-02-21T14:36:04 IST" name="amConfig" finished-at="2024-02-21T14:36:07 IST" duration-ms="3001" status="PASS">
          <reporter-output>
          </reporter-output>
        </test-method> <!-- amConfig -->
        <test-method is-config="true" signature="acConfig()[pri:0, instance:productsTest.CreateProductwithMandotaryFields@1165b38]" started-at="2024-02-21T14:36:07 IST" name="acConfig" finished-at="2024-02-21T14:36:07 IST" duration-ms="145" status="PASS">
          <reporter-output>
          </reporter-output>
        </test-method> <!-- acConfig -->
        <test-method is-config="true" signature="asConfig()[pri:0, instance:productsTest.CreateProductwithMandotaryFields@1165b38]" started-at="2024-02-21T14:36:07 IST" name="asConfig" finished-at="2024-02-21T14:36:07 IST" duration-ms="1" status="PASS">
          <reporter-output>
          </reporter-output>
        </test-method> <!-- asConfig -->
      </class> <!-- productsTest.CreateProductwithMandotaryFields -->
    </test> <!-- Default test -->
  </suite> <!-- Default suite -->
</testng-results>
